<?xml version="1.0" encoding="UTF-8"?>
<!-- Generated by org.testng.reporters.JUnitReportReporter -->
<testsuite hostname="Ashwani_Singh" name="Naukri_Profile.Validate_Login" tests="1" failures="0" timestamp="17 Sep 2019 15:21:36 GMT" time="422.699" errors="0">
  <testcase name="Validate_UserLogin" time="422.699" classname="Naukri_Profile.Validate_Login"/>
</testsuite> <!-- Naukri_Profile.Validate_Login -->
