<?xml version="1.0" encoding="UTF-8"?>
<!-- Generated by org.testng.reporters.JUnitReportReporter -->
<testsuite hostname="Ashwani_Singh" name="abc.Naukkri.Base" tests="1" failures="0" timestamp="15 Sep 2019 07:43:35 GMT" time="18.606" errors="0">
  <testcase name="Invoke_Browser" time="18.606" classname="abc.Naukkri.Base"/>
</testsuite> <!-- abc.Naukkri.Base -->
