<?xml version="1.0" encoding="UTF-8"?>
<!-- Generated by org.testng.reporters.JUnitReportReporter -->
<testsuite hostname="Ashwani_Singh" name="Naukri_Profile.Search_Job" tests="1" failures="0" timestamp="17 Sep 2019 15:05:29 GMT" time="16.366" errors="0">
  <testcase name="SearchForJob" time="16.366" classname="Naukri_Profile.Search_Job"/>
</testsuite> <!-- Naukri_Profile.Search_Job -->
