<?xml version="1.0" encoding="UTF-8"?>
<!-- Generated by org.testng.reporters.JUnitReportReporter -->
<testsuite hostname="Ashwani_Singh" name="Utility.Read" tests="1" failures="0" timestamp="15 Sep 2019 12:11:43 GMT" time="0.949" errors="0">
  <testcase name="ReadFile" time="0.949" classname="Utility.Read"/>
</testsuite> <!-- Utility.Read -->
