<?xml version="1.0" encoding="UTF-8"?>
<!-- Generated by org.testng.reporters.JUnitReportReporter -->
<testsuite hostname="Ashwani_Singh" name="Naukri_Profile.Demo" tests="1" failures="0" timestamp="27 Sep 2019 08:12:04 GMT" time="0.012" errors="0">
  <testcase name="yes" time="0.012" classname="Naukri_Profile.Demo"/>
</testsuite> <!-- Naukri_Profile.Demo -->
